This file contains any messages produced by compilers while
running configure, to aid debugging if configure makes a mistake.

It was created by hardshap configure 1.0.1, which was
generated by GNU Autoconf 2.61.  Invocation command line was

  $ ./configure --no-create --no-recursion

## --------- ##
## Platform. ##
## --------- ##

hostname = spectre
uname -m = x86_64
uname -r = 4.4.0-112-generic
uname -s = Linux
uname -v = #135-Ubuntu SMP Fri Jan 19 11:48:36 UTC 2018

/usr/bin/uname -p = unknown
/bin/uname -X     = unknown

/bin/arch              = unknown
/usr/bin/arch -k       = unknown
/usr/convex/getsysinfo = unknown
/usr/bin/hostinfo      = unknown
/bin/machine           = unknown
/usr/bin/oslevel       = unknown
/bin/universe          = unknown

PATH: /usr/local/sbin
PATH: /usr/local/bin
PATH: /usr/sbin
PATH: /usr/bin
PATH: /sbin
PATH: /bin
PATH: /usr/games
PATH: /usr/local/games
PATH: /snap/bin


## ----------- ##
## Core tests. ##
## ----------- ##

configure:1981: checking for a BSD-compatible install
configure:2037: result: /usr/bin/install -c
configure:2048: checking whether build environment is sane
configure:2091: result: yes
configure:2119: checking for a thread-safe mkdir -p
configure:2158: result: /bin/mkdir -p
configure:2171: checking for gawk
configure:2187: found /usr/bin/gawk
configure:2198: result: gawk
configure:2209: checking whether make sets $(MAKE)
configure:2230: result: yes
configure:2468: checking for gcc
configure:2484: found /usr/bin/gcc
configure:2495: result: gcc
configure:2733: checking for C compiler version
configure:2740: gcc --version >&5
gcc (Ubuntu 5.4.0-6ubuntu1~16.04.6) 5.4.0 20160609
Copyright (C) 2015 Free Software Foundation, Inc.
This is free software; see the source for copying conditions.  There is NO
warranty; not even for MERCHANTABILITY or FITNESS FOR A PARTICULAR PURPOSE.

configure:2743: $? = 0
configure:2750: gcc -v >&5
Using built-in specs.
COLLECT_GCC=gcc
COLLECT_LTO_WRAPPER=/usr/lib/gcc/x86_64-linux-gnu/5/lto-wrapper
Target: x86_64-linux-gnu
Configured with: ../src/configure -v --with-pkgversion='Ubuntu 5.4.0-6ubuntu1~16.04.6' --with-bugurl=file:///usr/share/doc/gcc-5/README.Bugs --enable-languages=c,ada,c++,java,go,d,fortran,objc,obj-c++ --prefix=/usr --program-suffix=-5 --enable-shared --enable-linker-build-id --libexecdir=/usr/lib --without-included-gettext --enable-threads=posix --libdir=/usr/lib --enable-nls --with-sysroot=/ --enable-clocale=gnu --enable-libstdcxx-debug --enable-libstdcxx-time=yes --with-default-libstdcxx-abi=new --enable-gnu-unique-object --disable-vtable-verify --enable-libmpx --enable-plugin --with-system-zlib --disable-browser-plugin --enable-java-awt=gtk --enable-gtk-cairo --with-java-home=/usr/lib/jvm/java-1.5.0-gcj-5-amd64/jre --enable-java-home --with-jvm-root-dir=/usr/lib/jvm/java-1.5.0-gcj-5-amd64 --with-jvm-jar-dir=/usr/lib/jvm-exports/java-1.5.0-gcj-5-amd64 --with-arch-directory=amd64 --with-ecj-jar=/usr/share/java/eclipse-ecj.jar --enable-objc-gc --enable-multiarch --disable-werror --with-arch-32=i686 --with-abi=m64 --with-multilib-list=m32,m64,mx32 --enable-multilib --with-tune=generic --enable-checking=release --build=x86_64-linux-gnu --host=x86_64-linux-gnu --target=x86_64-linux-gnu
Thread model: posix
gcc version 5.4.0 20160609 (Ubuntu 5.4.0-6ubuntu1~16.04.6) 
configure:2753: $? = 0
configure:2760: gcc -V >&5
gcc: error: unrecognized command line option '-V'
gcc: fatal error: no input files
compilation terminated.
configure:2763: $? = 1
configure:2786: checking for C compiler default output file name
configure:2813: gcc    conftest.c  >&5
configure:2816: $? = 0
configure:2854: result: a.out
configure:2871: checking whether the C compiler works
configure:2881: ./a.out
configure:2884: $? = 0
configure:2901: result: yes
configure:2908: checking whether we are cross compiling
configure:2910: result: no
configure:2913: checking for suffix of executables
configure:2920: gcc -o conftest    conftest.c  >&5
configure:2923: $? = 0
configure:2947: result: 
configure:2953: checking for suffix of object files
configure:2979: gcc -c   conftest.c >&5
configure:2982: $? = 0
configure:3005: result: o
configure:3009: checking whether we are using the GNU C compiler
configure:3038: gcc -c   conftest.c >&5
configure:3044: $? = 0
configure:3061: result: yes
configure:3066: checking whether gcc accepts -g
configure:3096: gcc -c -g  conftest.c >&5
configure:3102: $? = 0
configure:3201: result: yes
configure:3218: checking for gcc option to accept ISO C89
configure:3292: gcc  -c -g -O2  conftest.c >&5
configure:3298: $? = 0
configure:3321: result: none needed
configure:3350: checking for style of include used by make
configure:3378: result: GNU
configure:3403: checking dependency style of gcc
configure:3494: result: gcc3
configure:3567: checking for g++
configure:3583: found /usr/bin/g++
configure:3594: result: g++
configure:3625: checking for C++ compiler version
configure:3632: g++ --version >&5
g++ (Ubuntu 5.4.0-6ubuntu1~16.04.6) 5.4.0 20160609
Copyright (C) 2015 Free Software Foundation, Inc.
This is free software; see the source for copying conditions.  There is NO
warranty; not even for MERCHANTABILITY or FITNESS FOR A PARTICULAR PURPOSE.

configure:3635: $? = 0
configure:3642: g++ -v >&5
Using built-in specs.
COLLECT_GCC=g++
COLLECT_LTO_WRAPPER=/usr/lib/gcc/x86_64-linux-gnu/5/lto-wrapper
Target: x86_64-linux-gnu
Configured with: ../src/configure -v --with-pkgversion='Ubuntu 5.4.0-6ubuntu1~16.04.6' --with-bugurl=file:///usr/share/doc/gcc-5/README.Bugs --enable-languages=c,ada,c++,java,go,d,fortran,objc,obj-c++ --prefix=/usr --program-suffix=-5 --enable-shared --enable-linker-build-id --libexecdir=/usr/lib --without-included-gettext --enable-threads=posix --libdir=/usr/lib --enable-nls --with-sysroot=/ --enable-clocale=gnu --enable-libstdcxx-debug --enable-libstdcxx-time=yes --with-default-libstdcxx-abi=new --enable-gnu-unique-object --disable-vtable-verify --enable-libmpx --enable-plugin --with-system-zlib --disable-browser-plugin --enable-java-awt=gtk --enable-gtk-cairo --with-java-home=/usr/lib/jvm/java-1.5.0-gcj-5-amd64/jre --enable-java-home --with-jvm-root-dir=/usr/lib/jvm/java-1.5.0-gcj-5-amd64 --with-jvm-jar-dir=/usr/lib/jvm-exports/java-1.5.0-gcj-5-amd64 --with-arch-directory=amd64 --with-ecj-jar=/usr/share/java/eclipse-ecj.jar --enable-objc-gc --enable-multiarch --disable-werror --with-arch-32=i686 --with-abi=m64 --with-multilib-list=m32,m64,mx32 --enable-multilib --with-tune=generic --enable-checking=release --build=x86_64-linux-gnu --host=x86_64-linux-gnu --target=x86_64-linux-gnu
Thread model: posix
gcc version 5.4.0 20160609 (Ubuntu 5.4.0-6ubuntu1~16.04.6) 
configure:3645: $? = 0
configure:3652: g++ -V >&5
g++: error: unrecognized command line option '-V'
g++: fatal error: no input files
compilation terminated.
configure:3655: $? = 1
configure:3658: checking whether we are using the GNU C++ compiler
configure:3687: g++ -c   conftest.cpp >&5
configure:3693: $? = 0
configure:3710: result: yes
configure:3715: checking whether g++ accepts -g
configure:3745: g++ -c -g  conftest.cpp >&5
configure:3751: $? = 0
configure:3850: result: yes
configure:3875: checking dependency style of g++
configure:3966: result: gcc3
configure:4059: checking build system type
configure:4077: result: x86_64-unknown-linux-gnu
configure:4099: checking host system type
configure:4114: result: x86_64-unknown-linux-gnu
configure:4136: checking for a sed that does not truncate output
configure:4192: result: /bin/sed
configure:4195: checking for grep that handles long lines and -e
configure:4269: result: /bin/grep
configure:4274: checking for egrep
configure:4352: result: /bin/grep -E
configure:4368: checking for ld used by gcc
configure:4435: result: /usr/bin/ld
configure:4444: checking if the linker (/usr/bin/ld) is GNU ld
configure:4459: result: yes
configure:4464: checking for /usr/bin/ld option to reload object files
configure:4471: result: -r
configure:4489: checking for BSD-compatible nm
configure:4538: result: /usr/bin/nm -B
configure:4542: checking whether ln -s works
configure:4546: result: yes
configure:4553: checking how to recognize dependent libraries
configure:4739: result: pass_all
configure:4828: gcc -c -g -O2  conftest.c >&5
configure:4831: $? = 0
configure:4984: checking how to run the C preprocessor
configure:5024: gcc -E  conftest.c
configure:5030: $? = 0
configure:5061: gcc -E  conftest.c
conftest.c:10:28: fatal error: ac_nonexistent.h: No such file or directory
compilation terminated.
configure:5067: $? = 1
configure: failed program was:
| /* confdefs.h.  */
| #define PACKAGE_NAME "hardshap"
| #define PACKAGE_TARNAME "hardshap"
| #define PACKAGE_VERSION "1.0.1"
| #define PACKAGE_STRING "hardshap 1.0.1"
| #define PACKAGE_BUGREPORT "antonioscala@libero.it"
| #define PACKAGE "hardshap"
| #define VERSION "1.0.1"
| /* end confdefs.h.  */
| #include <ac_nonexistent.h>
configure:5100: result: gcc -E
configure:5129: gcc -E  conftest.c
configure:5135: $? = 0
configure:5166: gcc -E  conftest.c
conftest.c:10:28: fatal error: ac_nonexistent.h: No such file or directory
compilation terminated.
configure:5172: $? = 1
configure: failed program was:
| /* confdefs.h.  */
| #define PACKAGE_NAME "hardshap"
| #define PACKAGE_TARNAME "hardshap"
| #define PACKAGE_VERSION "1.0.1"
| #define PACKAGE_STRING "hardshap 1.0.1"
| #define PACKAGE_BUGREPORT "antonioscala@libero.it"
| #define PACKAGE "hardshap"
| #define VERSION "1.0.1"
| /* end confdefs.h.  */
| #include <ac_nonexistent.h>
configure:5210: checking for ANSI C header files
configure:5240: gcc -c -g -O2  conftest.c >&5
configure:5246: $? = 0
configure:5345: gcc -o conftest -g -O2   conftest.c  >&5
configure:5348: $? = 0
configure:5354: ./conftest
configure:5357: $? = 0
configure:5374: result: yes
configure:5398: checking for sys/types.h
configure:5419: gcc -c -g -O2  conftest.c >&5
configure:5425: $? = 0
configure:5441: result: yes
configure:5398: checking for sys/stat.h
configure:5419: gcc -c -g -O2  conftest.c >&5
configure:5425: $? = 0
configure:5441: result: yes
configure:5398: checking for stdlib.h
configure:5419: gcc -c -g -O2  conftest.c >&5
configure:5425: $? = 0
configure:5441: result: yes
configure:5398: checking for string.h
configure:5419: gcc -c -g -O2  conftest.c >&5
configure:5425: $? = 0
configure:5441: result: yes
configure:5398: checking for memory.h
configure:5419: gcc -c -g -O2  conftest.c >&5
configure:5425: $? = 0
configure:5441: result: yes
configure:5398: checking for strings.h
configure:5419: gcc -c -g -O2  conftest.c >&5
configure:5425: $? = 0
configure:5441: result: yes
configure:5398: checking for inttypes.h
configure:5419: gcc -c -g -O2  conftest.c >&5
configure:5425: $? = 0
configure:5441: result: yes
configure:5398: checking for stdint.h
configure:5419: gcc -c -g -O2  conftest.c >&5
configure:5425: $? = 0
configure:5441: result: yes
configure:5398: checking for unistd.h
configure:5419: gcc -c -g -O2  conftest.c >&5
configure:5425: $? = 0
configure:5441: result: yes
configure:5468: checking dlfcn.h usability
configure:5485: gcc -c -g -O2  conftest.c >&5
configure:5491: $? = 0
configure:5505: result: yes
configure:5509: checking dlfcn.h presence
configure:5524: gcc -E  conftest.c
configure:5530: $? = 0
configure:5544: result: yes
configure:5577: checking for dlfcn.h
configure:5585: result: yes
configure:5608: checking how to run the C++ preprocessor
configure:5644: g++ -E  conftest.cpp
configure:5650: $? = 0
configure:5681: g++ -E  conftest.cpp
conftest.cpp:21:28: fatal error: ac_nonexistent.h: No such file or directory
compilation terminated.
configure:5687: $? = 1
configure: failed program was:
| /* confdefs.h.  */
| #define PACKAGE_NAME "hardshap"
| #define PACKAGE_TARNAME "hardshap"
| #define PACKAGE_VERSION "1.0.1"
| #define PACKAGE_STRING "hardshap 1.0.1"
| #define PACKAGE_BUGREPORT "antonioscala@libero.it"
| #define PACKAGE "hardshap"
| #define VERSION "1.0.1"
| #define STDC_HEADERS 1
| #define HAVE_SYS_TYPES_H 1
| #define HAVE_SYS_STAT_H 1
| #define HAVE_STDLIB_H 1
| #define HAVE_STRING_H 1
| #define HAVE_MEMORY_H 1
| #define HAVE_STRINGS_H 1
| #define HAVE_INTTYPES_H 1
| #define HAVE_STDINT_H 1
| #define HAVE_UNISTD_H 1
| #define HAVE_DLFCN_H 1
| /* end confdefs.h.  */
| #include <ac_nonexistent.h>
configure:5720: result: g++ -E
configure:5749: g++ -E  conftest.cpp
configure:5755: $? = 0
configure:5786: g++ -E  conftest.cpp
conftest.cpp:21:28: fatal error: ac_nonexistent.h: No such file or directory
compilation terminated.
configure:5792: $? = 1
configure: failed program was:
| /* confdefs.h.  */
| #define PACKAGE_NAME "hardshap"
| #define PACKAGE_TARNAME "hardshap"
| #define PACKAGE_VERSION "1.0.1"
| #define PACKAGE_STRING "hardshap 1.0.1"
| #define PACKAGE_BUGREPORT "antonioscala@libero.it"
| #define PACKAGE "hardshap"
| #define VERSION "1.0.1"
| #define STDC_HEADERS 1
| #define HAVE_SYS_TYPES_H 1
| #define HAVE_SYS_STAT_H 1
| #define HAVE_STDLIB_H 1
| #define HAVE_STRING_H 1
| #define HAVE_MEMORY_H 1
| #define HAVE_STRINGS_H 1
| #define HAVE_INTTYPES_H 1
| #define HAVE_STDINT_H 1
| #define HAVE_UNISTD_H 1
| #define HAVE_DLFCN_H 1
| /* end confdefs.h.  */
| #include <ac_nonexistent.h>
configure:5885: checking for g77
configure:5915: result: no
configure:5885: checking for xlf
configure:5915: result: no
configure:5885: checking for f77
configure:5901: found /usr/bin/f77
configure:5912: result: f77
configure:5942: checking for Fortran 77 compiler version
configure:5949: f77 --version >&5
GNU Fortran (Ubuntu 5.4.0-6ubuntu1~16.04.6) 5.4.0 20160609
Copyright (C) 2015 Free Software Foundation, Inc.

GNU Fortran comes with NO WARRANTY, to the extent permitted by law.
You may redistribute copies of GNU Fortran
under the terms of the GNU General Public License.
For more information about these matters, see the file named COPYING

configure:5952: $? = 0
configure:5959: f77 -v >&5
Using built-in specs.
COLLECT_GCC=f77
COLLECT_LTO_WRAPPER=/usr/lib/gcc/x86_64-linux-gnu/5/lto-wrapper
Target: x86_64-linux-gnu
Configured with: ../src/configure -v --with-pkgversion='Ubuntu 5.4.0-6ubuntu1~16.04.6' --with-bugurl=file:///usr/share/doc/gcc-5/README.Bugs --enable-languages=c,ada,c++,java,go,d,fortran,objc,obj-c++ --prefix=/usr --program-suffix=-5 --enable-shared --enable-linker-build-id --libexecdir=/usr/lib --without-included-gettext --enable-threads=posix --libdir=/usr/lib --enable-nls --with-sysroot=/ --enable-clocale=gnu --enable-libstdcxx-debug --enable-libstdcxx-time=yes --with-default-libstdcxx-abi=new --enable-gnu-unique-object --disable-vtable-verify --enable-libmpx --enable-plugin --with-system-zlib --disable-browser-plugin --enable-java-awt=gtk --enable-gtk-cairo --with-java-home=/usr/lib/jvm/java-1.5.0-gcj-5-amd64/jre --enable-java-home --with-jvm-root-dir=/usr/lib/jvm/java-1.5.0-gcj-5-amd64 --with-jvm-jar-dir=/usr/lib/jvm-exports/java-1.5.0-gcj-5-amd64 --with-arch-directory=amd64 --with-ecj-jar=/usr/share/java/eclipse-ecj.jar --enable-objc-gc --enable-multiarch --disable-werror --with-arch-32=i686 --with-abi=m64 --with-multilib-list=m32,m64,mx32 --enable-multilib --with-tune=generic --enable-checking=release --build=x86_64-linux-gnu --host=x86_64-linux-gnu --target=x86_64-linux-gnu
Thread model: posix
gcc version 5.4.0 20160609 (Ubuntu 5.4.0-6ubuntu1~16.04.6) 
configure:5962: $? = 0
configure:5969: f77 -V >&5
f77: error: unrecognized command line option '-V'
f77: fatal error: no input files
compilation terminated.
configure:5972: $? = 1
configure:5980: checking whether we are using the GNU Fortran 77 compiler
configure:5999: f77 -c  conftest.F >&5
configure:6005: $? = 0
configure:6022: result: yes
configure:6028: checking whether f77 accepts -g
configure:6045: f77 -c -g conftest.f >&5
configure:6051: $? = 0
configure:6067: result: yes
configure:6096: checking the maximum length of command line arguments
configure:6208: result: 1572864
configure:6220: checking command to parse /usr/bin/nm -B output from gcc object
configure:6325: gcc -c -g -O2  conftest.c >&5
configure:6328: $? = 0
configure:6332: /usr/bin/nm -B conftest.o \| sed -n -e 's/^.*[ 	]\([ABCDGIRSTW][ABCDGIRSTW]*\)[ 	][ 	]*\([_A-Za-z][_A-Za-z0-9]*\)$/\1 \2 \2/p' \> conftest.nm
configure:6335: $? = 0
configure:6387: gcc -o conftest -g -O2   conftest.c conftstm.o >&5
configure:6390: $? = 0
configure:6428: result: ok
configure:6432: checking for objdir
configure:6447: result: .libs
configure:6539: checking for ar
configure:6555: found /usr/bin/ar
configure:6566: result: ar
configure:6635: checking for ranlib
configure:6651: found /usr/bin/ranlib
configure:6662: result: ranlib
configure:6731: checking for strip
configure:6747: found /usr/bin/strip
configure:6758: result: strip
configure:7356: checking if gcc supports -fno-rtti -fno-exceptions
configure:7374: gcc -c -g -O2  -fno-rtti -fno-exceptions conftest.c >&5
cc1: warning: command line option '-fno-rtti' is valid for C++/ObjC++ but not for C
configure:7378: $? = 0
configure:7391: result: no
configure:7406: checking for gcc option to produce PIC
configure:7638: result: -fPIC
configure:7646: checking if gcc PIC flag -fPIC works
configure:7664: gcc -c -g -O2  -fPIC -DPIC conftest.c >&5
configure:7668: $? = 0
configure:7681: result: yes
configure:7709: checking if gcc static flag -static works
configure:7737: result: yes
configure:7747: checking if gcc supports -c -o file.o
configure:7768: gcc -c -g -O2  -o out/conftest2.o conftest.c >&5
configure:7772: $? = 0
configure:7794: result: yes
configure:7820: checking whether the gcc linker (/usr/bin/ld -m elf_x86_64) supports shared libraries
configure:8801: result: yes
configure:8822: checking whether -lc should be explicitly linked in
configure:8827: gcc -c -g -O2  conftest.c >&5
configure:8830: $? = 0
configure:8845: gcc -shared conftest.o  -v -Wl,-soname -Wl,conftest -o conftest 2\>\&1 \| grep  -lc  \>/dev/null 2\>\&1
configure:8848: $? = 0
configure:8860: result: no
configure:8868: checking dynamic linker characteristics
configure:9482: result: GNU/Linux ld.so
configure:9506: checking how to hardcode library paths into programs
configure:9531: result: immediate
configure:9545: checking whether stripping libraries is possible
configure:9550: result: yes
configure:10352: checking if libtool supports shared libraries
configure:10354: result: yes
configure:10357: checking whether to build shared libraries
configure:10378: result: yes
configure:10381: checking whether to build static libraries
configure:10385: result: yes
configure:10479: creating libtool
configure:11072: checking for ld used by g++
configure:11139: result: /usr/bin/ld -m elf_x86_64
configure:11148: checking if the linker (/usr/bin/ld -m elf_x86_64) is GNU ld
configure:11163: result: yes
configure:11214: checking whether the g++ linker (/usr/bin/ld -m elf_x86_64) supports shared libraries
configure:12160: result: yes
configure:12177: g++ -c -g -O2  conftest.cpp >&5
configure:12180: $? = 0
configure:12336: checking for g++ option to produce PIC
configure:12620: result: -fPIC
configure:12628: checking if g++ PIC flag -fPIC works
configure:12646: g++ -c -g -O2  -fPIC -DPIC conftest.cpp >&5
configure:12650: $? = 0
configure:12663: result: yes
configure:12691: checking if g++ static flag -static works
configure:12719: result: yes
configure:12729: checking if g++ supports -c -o file.o
configure:12750: g++ -c -g -O2  -o out/conftest2.o conftest.cpp >&5
configure:12754: $? = 0
configure:12776: result: yes
configure:12802: checking whether the g++ linker (/usr/bin/ld -m elf_x86_64) supports shared libraries
configure:12831: result: yes
configure:12898: checking dynamic linker characteristics
configure:13460: result: GNU/Linux ld.so
configure:13484: checking how to hardcode library paths into programs
configure:13509: result: immediate
configure:14048: checking if libtool supports shared libraries
configure:14050: result: yes
configure:14053: checking whether to build shared libraries
configure:14073: result: yes
configure:14076: checking whether to build static libraries
configure:14080: result: yes
configure:14090: checking for f77 option to produce PIC
configure:14322: result: -fPIC
configure:14330: checking if f77 PIC flag -fPIC works
configure:14348: f77 -c -g -O2 -fPIC conftest.f >&5
configure:14352: $? = 0
configure:14365: result: yes
configure:14393: checking if f77 static flag -static works
configure:14421: result: yes
configure:14431: checking if f77 supports -c -o file.o
configure:14452: f77 -c -g -O2 -o out/conftest2.o conftest.f >&5
configure:14456: $? = 0
configure:14478: result: yes
configure:14504: checking whether the f77 linker (/usr/bin/ld -m elf_x86_64) supports shared libraries
configure:15465: result: yes
configure:15532: checking dynamic linker characteristics
configure:16094: result: GNU/Linux ld.so
configure:16118: checking how to hardcode library paths into programs
configure:16143: result: immediate
configure:19758: checking for init in -lplplotcxxd
configure:19793: gcc -o conftest -g -O2   conftest.c -lplplotcxxd   >&5
/tmp/ccS65VD4.o: In function `main':
/home/scala/hardshap/trunk/lib1.1/conftest.c:32: undefined reference to `init'
collect2: error: ld returned 1 exit status
configure:19799: $? = 1
configure: failed program was:
| /* confdefs.h.  */
| #define PACKAGE_NAME "hardshap"
| #define PACKAGE_TARNAME "hardshap"
| #define PACKAGE_VERSION "1.0.1"
| #define PACKAGE_STRING "hardshap 1.0.1"
| #define PACKAGE_BUGREPORT "antonioscala@libero.it"
| #define PACKAGE "hardshap"
| #define VERSION "1.0.1"
| #define STDC_HEADERS 1
| #define HAVE_SYS_TYPES_H 1
| #define HAVE_SYS_STAT_H 1
| #define HAVE_STDLIB_H 1
| #define HAVE_STRING_H 1
| #define HAVE_MEMORY_H 1
| #define HAVE_STRINGS_H 1
| #define HAVE_INTTYPES_H 1
| #define HAVE_STDINT_H 1
| #define HAVE_UNISTD_H 1
| #define HAVE_DLFCN_H 1
| /* end confdefs.h.  */
| 
| /* Override any GCC internal prototype to avoid an error.
|    Use char because int might match the return type of a GCC
|    builtin and then its argument prototype would still apply.  */
| #ifdef __cplusplus
| extern "C"
| #endif
| char init ();
| int
| main ()
| {
| return init ();
|   ;
|   return 0;
| }
configure:19817: result: no
configure:19832: checking for main in -lplplotcxxd
configure:19861: gcc -o conftest -g -O2   conftest.c -lplplotcxxd   >&5
configure:19867: $? = 0
configure:19885: result: yes
configure:19897: checking for main in -lplplotd
configure:19926: gcc -o conftest -g -O2   conftest.c -lplplotd  -lplplotcxxd  >&5
configure:19932: $? = 0
configure:19950: result: yes
configure:19962: checking for main in -lqhull
configure:19991: gcc -o conftest -g -O2   conftest.c -lqhull  -lplplotd -lplplotcxxd  >&5
configure:19997: $? = 0
configure:20015: result: yes
configure:20027: checking for main in -lcsironn
configure:20056: gcc -o conftest -g -O2   conftest.c -lcsironn  -lqhull -lplplotd -lplplotcxxd  >&5
configure:20062: $? = 0
configure:20080: result: yes
configure:20092: checking for main in -lltdl
configure:20121: gcc -o conftest -g -O2   conftest.c -lltdl  -lcsironn -lqhull -lplplotd -lplplotcxxd  >&5
configure:20127: $? = 0
configure:20145: result: yes
configure:20157: checking for main in -ldl
configure:20186: gcc -o conftest -g -O2   conftest.c -ldl  -lltdl -lcsironn -lqhull -lplplotd -lplplotcxxd  >&5
configure:20192: $? = 0
configure:20210: result: yes
configure:20222: checking for main in -lm
configure:20251: gcc -o conftest -g -O2   conftest.c -lm  -ldl -lltdl -lcsironn -lqhull -lplplotd -lplplotcxxd  >&5
configure:20257: $? = 0
configure:20275: result: yes
configure:20287: checking for main in -lcsirocsa
configure:20316: gcc -o conftest -g -O2   conftest.c -lcsirocsa  -lm -ldl -lltdl -lcsironn -lqhull -lplplotd -lplplotcxxd  >&5
configure:20322: $? = 0
configure:20340: result: yes
configure:20352: checking for main in -lz
configure:20381: gcc -o conftest -g -O2   conftest.c -lz  -lcsirocsa -lm -ldl -lltdl -lcsironn -lqhull -lplplotd -lplplotcxxd  >&5
configure:20387: $? = 0
configure:20405: result: yes
configure:20417: checking for main in -lfreetype
configure:20446: gcc -o conftest -g -O2   conftest.c -lfreetype  -lz -lcsirocsa -lm -ldl -lltdl -lcsironn -lqhull -lplplotd -lplplotcxxd  >&5
configure:20452: $? = 0
configure:20470: result: yes
configure:20484: checking for cos in -lm
configure:20519: gcc -o conftest -g -O2   conftest.c -lm  -lfreetype -lz -lcsirocsa -lm -ldl -lltdl -lcsironn -lqhull -lplplotd -lplplotcxxd  >&5
conftest.c:38:6: warning: conflicting types for built-in function 'cos'
 char cos ();
      ^
configure:20525: $? = 0
configure:20543: result: yes
configure:20555: checking for cblas_dgemm in -lgslcblas
configure:20590: gcc -o conftest -g -O2   conftest.c -lgslcblas  -lm -lfreetype -lz -lcsirocsa -lm -ldl -lltdl -lcsironn -lqhull -lplplotd -lplplotcxxd  >&5
/usr/bin/ld: cannot find -lgslcblas
collect2: error: ld returned 1 exit status
configure:20596: $? = 1
configure: failed program was:
| /* confdefs.h.  */
| #define PACKAGE_NAME "hardshap"
| #define PACKAGE_TARNAME "hardshap"
| #define PACKAGE_VERSION "1.0.1"
| #define PACKAGE_STRING "hardshap 1.0.1"
| #define PACKAGE_BUGREPORT "antonioscala@libero.it"
| #define PACKAGE "hardshap"
| #define VERSION "1.0.1"
| #define STDC_HEADERS 1
| #define HAVE_SYS_TYPES_H 1
| #define HAVE_SYS_STAT_H 1
| #define HAVE_STDLIB_H 1
| #define HAVE_STRING_H 1
| #define HAVE_MEMORY_H 1
| #define HAVE_STRINGS_H 1
| #define HAVE_INTTYPES_H 1
| #define HAVE_STDINT_H 1
| #define HAVE_UNISTD_H 1
| #define HAVE_DLFCN_H 1
| #define HAVE_LIBPLPLOTCXXD 1
| #define HAVE_LIBPLPLOTD 1
| #define HAVE_LIBQHULL 1
| #define HAVE_LIBCSIRONN 1
| #define HAVE_LIBLTDL 1
| #define HAVE_LIBDL 1
| #define HAVE_LIBM 1
| #define HAVE_LIBCSIROCSA 1
| #define HAVE_LIBZ 1
| #define HAVE_LIBFREETYPE 1
| #define HAVE_LIBM 1
| /* end confdefs.h.  */
| 
| /* Override any GCC internal prototype to avoid an error.
|    Use char because int might match the return type of a GCC
|    builtin and then its argument prototype would still apply.  */
| #ifdef __cplusplus
| extern "C"
| #endif
| char cblas_dgemm ();
| int
| main ()
| {
| return cblas_dgemm ();
|   ;
|   return 0;
| }
configure:20614: result: no
configure:20626: checking for gsl_blas_dgemm in -lgsl
configure:20661: gcc -o conftest -g -O2   conftest.c -lgsl  -lm -lfreetype -lz -lcsirocsa -lm -ldl -lltdl -lcsironn -lqhull -lplplotd -lplplotcxxd  >&5
/usr/bin/ld: cannot find -lgsl
collect2: error: ld returned 1 exit status
configure:20667: $? = 1
configure: failed program was:
| /* confdefs.h.  */
| #define PACKAGE_NAME "hardshap"
| #define PACKAGE_TARNAME "hardshap"
| #define PACKAGE_VERSION "1.0.1"
| #define PACKAGE_STRING "hardshap 1.0.1"
| #define PACKAGE_BUGREPORT "antonioscala@libero.it"
| #define PACKAGE "hardshap"
| #define VERSION "1.0.1"
| #define STDC_HEADERS 1
| #define HAVE_SYS_TYPES_H 1
| #define HAVE_SYS_STAT_H 1
| #define HAVE_STDLIB_H 1
| #define HAVE_STRING_H 1
| #define HAVE_MEMORY_H 1
| #define HAVE_STRINGS_H 1
| #define HAVE_INTTYPES_H 1
| #define HAVE_STDINT_H 1
| #define HAVE_UNISTD_H 1
| #define HAVE_DLFCN_H 1
| #define HAVE_LIBPLPLOTCXXD 1
| #define HAVE_LIBPLPLOTD 1
| #define HAVE_LIBQHULL 1
| #define HAVE_LIBCSIRONN 1
| #define HAVE_LIBLTDL 1
| #define HAVE_LIBDL 1
| #define HAVE_LIBM 1
| #define HAVE_LIBCSIROCSA 1
| #define HAVE_LIBZ 1
| #define HAVE_LIBFREETYPE 1
| #define HAVE_LIBM 1
| /* end confdefs.h.  */
| 
| /* Override any GCC internal prototype to avoid an error.
|    Use char because int might match the return type of a GCC
|    builtin and then its argument prototype would still apply.  */
| #ifdef __cplusplus
| extern "C"
| #endif
| char gsl_blas_dgemm ();
| int
| main ()
| {
| return gsl_blas_dgemm ();
|   ;
|   return 0;
| }
configure:20685: result: no
configure:20699: checking for ANSI C header files
configure:20863: result: yes
configure:20878: checking for stdlib.h
configure:20884: result: yes
configure:21020: checking for stdbool.h that conforms to C99
configure:21113: gcc -c -g -O2  conftest.c >&5
configure:21119: $? = 0
configure:21134: result: yes
configure:21136: checking for _Bool
configure:21166: gcc -c -g -O2  conftest.c >&5
configure:21172: $? = 0
configure:21187: result: yes
configure:21206: checking for an ANSI C-conforming const
configure:21281: gcc -c -g -O2  conftest.c >&5
configure:21287: $? = 0
configure:21302: result: yes
configure:21312: checking for inline
configure:21338: gcc -c -g -O2  conftest.c >&5
configure:21344: $? = 0
configure:21362: result: inline
configure:21389: checking for pow
configure:21445: gcc -o conftest -g -O2   conftest.c -lm -lfreetype -lz -lcsirocsa -lm -ldl -lltdl -lcsironn -lqhull -lplplotd -lplplotcxxd  >&5
conftest.c:59:6: warning: conflicting types for built-in function 'pow'
 char pow ();
      ^
configure:21451: $? = 0
configure:21469: result: yes
configure:21389: checking for rint
configure:21445: gcc -o conftest -g -O2   conftest.c -lm -lfreetype -lz -lcsirocsa -lm -ldl -lltdl -lcsironn -lqhull -lplplotd -lplplotcxxd  >&5
conftest.c:60:6: warning: conflicting types for built-in function 'rint'
 char rint ();
      ^
configure:21451: $? = 0
configure:21469: result: yes
configure:21389: checking for sqrt
configure:21445: gcc -o conftest -g -O2   conftest.c -lm -lfreetype -lz -lcsirocsa -lm -ldl -lltdl -lcsironn -lqhull -lplplotd -lplplotcxxd  >&5
conftest.c:61:6: warning: conflicting types for built-in function 'sqrt'
 char sqrt ();
      ^
configure:21451: $? = 0
configure:21469: result: yes
configure:21609: creating ./config.status
configure:23009: creating ./config.status

## ---------------- ##
## Cache variables. ##
## ---------------- ##

ac_cv_build=x86_64-unknown-linux-gnu
ac_cv_c_compiler_gnu=yes
ac_cv_c_const=yes
ac_cv_c_inline=inline
ac_cv_cxx_compiler_gnu=yes
ac_cv_env_CCC_set=
ac_cv_env_CCC_value=
ac_cv_env_CC_set=
ac_cv_env_CC_value=
ac_cv_env_CFLAGS_set=
ac_cv_env_CFLAGS_value=
ac_cv_env_CPPFLAGS_set=
ac_cv_env_CPPFLAGS_value=
ac_cv_env_CPP_set=
ac_cv_env_CPP_value=
ac_cv_env_CXXCPP_set=
ac_cv_env_CXXCPP_value=
ac_cv_env_CXXFLAGS_set=
ac_cv_env_CXXFLAGS_value=
ac_cv_env_CXX_set=
ac_cv_env_CXX_value=
ac_cv_env_F77_set=
ac_cv_env_F77_value=
ac_cv_env_FFLAGS_set=
ac_cv_env_FFLAGS_value=
ac_cv_env_LDFLAGS_set=
ac_cv_env_LDFLAGS_value=
ac_cv_env_LIBS_set=
ac_cv_env_LIBS_value=
ac_cv_env_build_alias_set=
ac_cv_env_build_alias_value=
ac_cv_env_host_alias_set=
ac_cv_env_host_alias_value=
ac_cv_env_target_alias_set=
ac_cv_env_target_alias_value=
ac_cv_f77_compiler_gnu=yes
ac_cv_func_pow=yes
ac_cv_func_rint=yes
ac_cv_func_sqrt=yes
ac_cv_header_dlfcn_h=yes
ac_cv_header_inttypes_h=yes
ac_cv_header_memory_h=yes
ac_cv_header_stdbool_h=yes
ac_cv_header_stdc=yes
ac_cv_header_stdint_h=yes
ac_cv_header_stdlib_h=yes
ac_cv_header_string_h=yes
ac_cv_header_strings_h=yes
ac_cv_header_sys_stat_h=yes
ac_cv_header_sys_types_h=yes
ac_cv_header_unistd_h=yes
ac_cv_host=x86_64-unknown-linux-gnu
ac_cv_lib_csirocsa_main=yes
ac_cv_lib_csironn_main=yes
ac_cv_lib_dl_main=yes
ac_cv_lib_freetype_main=yes
ac_cv_lib_gsl_gsl_blas_dgemm=no
ac_cv_lib_gslcblas_cblas_dgemm=no
ac_cv_lib_ltdl_main=yes
ac_cv_lib_m_cos=yes
ac_cv_lib_m_main=yes
ac_cv_lib_plplotcxxd_init=no
ac_cv_lib_plplotcxxd_main=yes
ac_cv_lib_plplotd_main=yes
ac_cv_lib_qhull_main=yes
ac_cv_lib_z_main=yes
ac_cv_objext=o
ac_cv_path_EGREP='/bin/grep -E'
ac_cv_path_GREP=/bin/grep
ac_cv_path_install='/usr/bin/install -c'
ac_cv_path_mkdir=/bin/mkdir
ac_cv_prog_AWK=gawk
ac_cv_prog_CPP='gcc -E'
ac_cv_prog_CXXCPP='g++ -E'
ac_cv_prog_ac_ct_AR=ar
ac_cv_prog_ac_ct_CC=gcc
ac_cv_prog_ac_ct_CXX=g++
ac_cv_prog_ac_ct_F77=f77
ac_cv_prog_ac_ct_RANLIB=ranlib
ac_cv_prog_ac_ct_STRIP=strip
ac_cv_prog_cc_c89=
ac_cv_prog_cc_g=yes
ac_cv_prog_cxx_g=yes
ac_cv_prog_f77_g=yes
ac_cv_prog_make_make_set=yes
ac_cv_type__Bool=yes
am_cv_CC_dependencies_compiler_type=gcc3
am_cv_CXX_dependencies_compiler_type=gcc3
lt_cv_deplibs_check_method=pass_all
lt_cv_file_magic_cmd='$MAGIC_CMD'
lt_cv_file_magic_test_file=
lt_cv_ld_reload_flag=-r
lt_cv_objdir=.libs
lt_cv_path_LD=/usr/bin/ld
lt_cv_path_LDCXX='/usr/bin/ld -m elf_x86_64'
lt_cv_path_NM='/usr/bin/nm -B'
lt_cv_path_SED=/bin/sed
lt_cv_prog_compiler_c_o=yes
lt_cv_prog_compiler_c_o_CXX=yes
lt_cv_prog_compiler_c_o_F77=yes
lt_cv_prog_compiler_pic_works=yes
lt_cv_prog_compiler_pic_works_CXX=yes
lt_cv_prog_compiler_pic_works_F77=yes
lt_cv_prog_compiler_rtti_exceptions=no
lt_cv_prog_compiler_static_works=yes
lt_cv_prog_compiler_static_works_CXX=yes
lt_cv_prog_compiler_static_works_F77=yes
lt_cv_prog_gnu_ld=yes
lt_cv_prog_gnu_ldcxx=yes
lt_cv_sys_global_symbol_pipe='sed -n -e '\''s/^.*[ 	]\([ABCDGIRSTW][ABCDGIRSTW]*\)[ 	][ 	]*\([_A-Za-z][_A-Za-z0-9]*\)$/\1 \2 \2/p'\'''
lt_cv_sys_global_symbol_to_c_name_address='sed -n -e '\''s/^: \([^ ]*\) $/  {\"\1\", (lt_ptr) 0},/p'\'' -e '\''s/^[BCDEGRST] \([^ ]*\) \([^ ]*\)$/  {"\2", (lt_ptr) \&\2},/p'\'''
lt_cv_sys_global_symbol_to_cdecl='sed -n -e '\''s/^. .* \(.*\)$/extern int \1;/p'\'''
lt_cv_sys_lib_dlsearch_path_spec='/lib /usr/lib /usr/lib/x86_64-linux-gnu/libfakeroot /lib/i386-linux-gnu /usr/lib/i386-linux-gnu /lib/i686-linux-gnu /usr/lib/i686-linux-gnu /usr/lib/i386-linux-gnu/mesa /usr/local/lib /lib/x86_64-linux-gnu /usr/lib/x86_64-linux-gnu /usr/lib/x86_64-linux-gnu/mesa-egl /usr/lib/x86_64-linux-gnu/mesa /lib32 /usr/lib32 '
lt_cv_sys_lib_search_path_spec='/usr/lib/gcc/x86_64-linux-gnu/5 /usr/lib/x86_64-linux-gnu /usr/lib /lib/x86_64-linux-gnu /lib'
lt_cv_sys_max_cmd_len=1572864
lt_lt_cv_prog_compiler_c_o='"yes"'
lt_lt_cv_prog_compiler_c_o_CXX='"yes"'
lt_lt_cv_prog_compiler_c_o_F77='"yes"'
lt_lt_cv_sys_global_symbol_pipe='"sed -n -e '\''s/^.*[ 	]\\([ABCDGIRSTW][ABCDGIRSTW]*\\)[ 	][ 	]*\\([_A-Za-z][_A-Za-z0-9]*\\)\$/\\1 \\2 \\2/p'\''"'
lt_lt_cv_sys_global_symbol_to_c_name_address='"sed -n -e '\''s/^: \\([^ ]*\\) \$/  {\\\"\\1\\\", (lt_ptr) 0},/p'\'' -e '\''s/^[BCDEGRST] \\([^ ]*\\) \\([^ ]*\\)\$/  {\"\\2\", (lt_ptr) \\&\\2},/p'\''"'
lt_lt_cv_sys_global_symbol_to_cdecl='"sed -n -e '\''s/^. .* \\(.*\\)\$/extern int \\1;/p'\''"'

## ----------------- ##
## Output variables. ##
## ----------------- ##

ACLOCAL='${SHELL} /home/scala/hardshap/trunk/lib1.1/missing --run aclocal-1.10'
AMDEPBACKSLASH='\'
AMDEP_FALSE='#'
AMDEP_TRUE=''
AMTAR='${SHELL} /home/scala/hardshap/trunk/lib1.1/missing --run tar'
AR='ar'
AUTOCONF='${SHELL} /home/scala/hardshap/trunk/lib1.1/missing --run autoconf'
AUTOHEADER='${SHELL} /home/scala/hardshap/trunk/lib1.1/missing --run autoheader'
AUTOMAKE='${SHELL} /home/scala/hardshap/trunk/lib1.1/missing --run automake-1.10'
AWK='gawk'
CC='gcc'
CCDEPMODE='depmode=gcc3'
CFLAGS='-g -O2'
CPP='gcc -E'
CPPFLAGS=''
CXX='g++'
CXXCPP='g++ -E'
CXXDEPMODE='depmode=gcc3'
CXXFLAGS='-g -O2'
CYGPATH_W='echo'
DEFS='-DHAVE_CONFIG_H'
DEPDIR='.deps'
DSYMUTIL=''
ECHO='echo'
ECHO_C=''
ECHO_N='-n'
ECHO_T=''
EGREP='/bin/grep -E'
EXEEXT=''
F77='f77'
FFLAGS='-g -O2'
GREP='/bin/grep'
INSTALL_DATA='${INSTALL} -m 644'
INSTALL_PROGRAM='${INSTALL}'
INSTALL_SCRIPT='${INSTALL}'
INSTALL_STRIP_PROGRAM='$(install_sh) -c -s'
LDFLAGS=''
LIBOBJS=''
LIBS='-lm -lfreetype -lz -lcsirocsa -lm -ldl -lltdl -lcsironn -lqhull -lplplotd -lplplotcxxd '
LIBTOOL='$(SHELL) $(top_builddir)/libtool'
LN_S='ln -s'
LTLIBOBJS=''
MAKEINFO='${SHELL} /home/scala/hardshap/trunk/lib1.1/missing --run makeinfo'
NMEDIT=''
OBJEXT='o'
PACKAGE='hardshap'
PACKAGE_BUGREPORT='antonioscala@libero.it'
PACKAGE_NAME='hardshap'
PACKAGE_STRING='hardshap 1.0.1'
PACKAGE_TARNAME='hardshap'
PACKAGE_VERSION='1.0.1'
PATH_SEPARATOR=':'
PLPLOTLIB=''
RANLIB='ranlib'
SED='/bin/sed'
SET_MAKE=''
SHELL='/bin/bash'
STRIP='strip'
VERSION='1.0.1'
ac_ct_CC='gcc'
ac_ct_CXX='g++'
ac_ct_F77='f77'
am__fastdepCC_FALSE='#'
am__fastdepCC_TRUE=''
am__fastdepCXX_FALSE='#'
am__fastdepCXX_TRUE=''
am__include='include'
am__isrc=''
am__leading_dot='.'
am__quote=''
am__tar='${AMTAR} chof - "$$tardir"'
am__untar='${AMTAR} xf -'
bindir='${exec_prefix}/bin'
build='x86_64-unknown-linux-gnu'
build_alias=''
build_cpu='x86_64'
build_os='linux-gnu'
build_vendor='unknown'
datadir='${datarootdir}'
datarootdir='${prefix}/share'
docdir='${datarootdir}/doc/${PACKAGE_TARNAME}'
dvidir='${docdir}'
exec_prefix='${prefix}'
host='x86_64-unknown-linux-gnu'
host_alias=''
host_cpu='x86_64'
host_os='linux-gnu'
host_vendor='unknown'
htmldir='${docdir}'
includedir='${prefix}/include'
infodir='${datarootdir}/info'
install_sh='$(SHELL) /home/scala/hardshap/trunk/lib1.1/install-sh'
libdir='${exec_prefix}/lib'
libexecdir='${exec_prefix}/libexec'
localedir='${datarootdir}/locale'
localstatedir='${prefix}/var'
mandir='${datarootdir}/man'
mkdir_p='/bin/mkdir -p'
oldincludedir='/usr/include'
pdfdir='${docdir}'
prefix='/usr/local'
program_transform_name='s,x,x,'
psdir='${docdir}'
sbindir='${exec_prefix}/sbin'
sharedstatedir='${prefix}/com'
sysconfdir='${prefix}/etc'
target_alias=''

## ----------- ##
## confdefs.h. ##
## ----------- ##

#define PACKAGE_NAME "hardshap"
#define PACKAGE_TARNAME "hardshap"
#define PACKAGE_VERSION "1.0.1"
#define PACKAGE_STRING "hardshap 1.0.1"
#define PACKAGE_BUGREPORT "antonioscala@libero.it"
#define PACKAGE "hardshap"
#define VERSION "1.0.1"
#define STDC_HEADERS 1
#define HAVE_SYS_TYPES_H 1
#define HAVE_SYS_STAT_H 1
#define HAVE_STDLIB_H 1
#define HAVE_STRING_H 1
#define HAVE_MEMORY_H 1
#define HAVE_STRINGS_H 1
#define HAVE_INTTYPES_H 1
#define HAVE_STDINT_H 1
#define HAVE_UNISTD_H 1
#define HAVE_DLFCN_H 1
#define HAVE_LIBPLPLOTCXXD 1
#define HAVE_LIBPLPLOTD 1
#define HAVE_LIBQHULL 1
#define HAVE_LIBCSIRONN 1
#define HAVE_LIBLTDL 1
#define HAVE_LIBDL 1
#define HAVE_LIBM 1
#define HAVE_LIBCSIROCSA 1
#define HAVE_LIBZ 1
#define HAVE_LIBFREETYPE 1
#define HAVE_LIBM 1
#define STDC_HEADERS 1
#define HAVE_STDLIB_H 1
#define HAVE__BOOL 1
#define HAVE_STDBOOL_H 1
#define HAVE_POW 1
#define HAVE_RINT 1
#define HAVE_SQRT 1

configure: exit 0

## ---------------------- ##
## Running config.status. ##
## ---------------------- ##

This file was extended by hardshap config.status 1.0.1, which was
generated by GNU Autoconf 2.61.  Invocation command line was

  CONFIG_FILES    = 
  CONFIG_HEADERS  = 
  CONFIG_LINKS    = 
  CONFIG_COMMANDS = 
  $ ./config.status 

on spectre

config.status:667: creating Makefile
config.status:667: creating lib/Makefile
config.status:667: creating src/Makefile
config.status:667: creating config.h
config.status:959: executing depfiles commands
