This file contains any messages produced by compilers while
running configure, to aid debugging if configure makes a mistake.

It was created by hardshap configure 1.0, which was
generated by GNU Autoconf 2.61.  Invocation command line was

  $ ./configure --no-create --no-recursion

## --------- ##
## Platform. ##
## --------- ##

hostname = spectre
uname -m = x86_64
uname -r = 4.4.0-112-generic
uname -s = Linux
uname -v = #135-Ubuntu SMP Fri Jan 19 11:48:36 UTC 2018

/usr/bin/uname -p = unknown
/bin/uname -X     = unknown

/bin/arch              = unknown
/usr/bin/arch -k       = unknown
/usr/convex/getsysinfo = unknown
/usr/bin/hostinfo      = unknown
/bin/machine           = unknown
/usr/bin/oslevel       = unknown
/bin/universe          = unknown

PATH: /usr/local/sbin
PATH: /usr/local/bin
PATH: /usr/sbin
PATH: /usr/bin
PATH: /sbin
PATH: /bin
PATH: /usr/games
PATH: /usr/local/games
PATH: /snap/bin


## ----------- ##
## Core tests. ##
## ----------- ##

configure:1784: checking for a BSD-compatible install
configure:1840: result: /usr/bin/install -c
configure:1851: checking whether build environment is sane
configure:1894: result: yes
configure:1922: checking for a thread-safe mkdir -p
configure:1961: result: /bin/mkdir -p
configure:1974: checking for gawk
configure:1990: found /usr/bin/gawk
configure:2001: result: gawk
configure:2012: checking whether make sets $(MAKE)
configure:2033: result: yes
configure:2285: checking for g++
configure:2301: found /usr/bin/g++
configure:2312: result: g++
configure:2343: checking for C++ compiler version
configure:2350: g++ --version >&5
g++ (Ubuntu 5.4.0-6ubuntu1~16.04.6) 5.4.0 20160609
Copyright (C) 2015 Free Software Foundation, Inc.
This is free software; see the source for copying conditions.  There is NO
warranty; not even for MERCHANTABILITY or FITNESS FOR A PARTICULAR PURPOSE.

configure:2353: $? = 0
configure:2360: g++ -v >&5
Using built-in specs.
COLLECT_GCC=g++
COLLECT_LTO_WRAPPER=/usr/lib/gcc/x86_64-linux-gnu/5/lto-wrapper
Target: x86_64-linux-gnu
Configured with: ../src/configure -v --with-pkgversion='Ubuntu 5.4.0-6ubuntu1~16.04.6' --with-bugurl=file:///usr/share/doc/gcc-5/README.Bugs --enable-languages=c,ada,c++,java,go,d,fortran,objc,obj-c++ --prefix=/usr --program-suffix=-5 --enable-shared --enable-linker-build-id --libexecdir=/usr/lib --without-included-gettext --enable-threads=posix --libdir=/usr/lib --enable-nls --with-sysroot=/ --enable-clocale=gnu --enable-libstdcxx-debug --enable-libstdcxx-time=yes --with-default-libstdcxx-abi=new --enable-gnu-unique-object --disable-vtable-verify --enable-libmpx --enable-plugin --with-system-zlib --disable-browser-plugin --enable-java-awt=gtk --enable-gtk-cairo --with-java-home=/usr/lib/jvm/java-1.5.0-gcj-5-amd64/jre --enable-java-home --with-jvm-root-dir=/usr/lib/jvm/java-1.5.0-gcj-5-amd64 --with-jvm-jar-dir=/usr/lib/jvm-exports/java-1.5.0-gcj-5-amd64 --with-arch-directory=amd64 --with-ecj-jar=/usr/share/java/eclipse-ecj.jar --enable-objc-gc --enable-multiarch --disable-werror --with-arch-32=i686 --with-abi=m64 --with-multilib-list=m32,m64,mx32 --enable-multilib --with-tune=generic --enable-checking=release --build=x86_64-linux-gnu --host=x86_64-linux-gnu --target=x86_64-linux-gnu
Thread model: posix
gcc version 5.4.0 20160609 (Ubuntu 5.4.0-6ubuntu1~16.04.6) 
configure:2363: $? = 0
configure:2370: g++ -V >&5
g++: error: unrecognized command line option '-V'
g++: fatal error: no input files
compilation terminated.
configure:2373: $? = 1
configure:2396: checking for C++ compiler default output file name
configure:2423: g++    conftest.cpp  >&5
configure:2426: $? = 0
configure:2464: result: a.out
configure:2481: checking whether the C++ compiler works
configure:2491: ./a.out
configure:2494: $? = 0
configure:2511: result: yes
configure:2518: checking whether we are cross compiling
configure:2520: result: no
configure:2523: checking for suffix of executables
configure:2530: g++ -o conftest    conftest.cpp  >&5
configure:2533: $? = 0
configure:2557: result: 
configure:2563: checking for suffix of object files
configure:2589: g++ -c   conftest.cpp >&5
configure:2592: $? = 0
configure:2615: result: o
configure:2619: checking whether we are using the GNU C++ compiler
configure:2648: g++ -c   conftest.cpp >&5
configure:2654: $? = 0
configure:2671: result: yes
configure:2676: checking whether g++ accepts -g
configure:2706: g++ -c -g  conftest.cpp >&5
configure:2712: $? = 0
configure:2811: result: yes
configure:2845: checking for style of include used by make
configure:2873: result: GNU
configure:2898: checking dependency style of g++
configure:2989: result: none
configure:3052: checking for gcc
configure:3068: found /usr/bin/gcc
configure:3079: result: gcc
configure:3317: checking for C compiler version
configure:3324: gcc --version >&5
gcc (Ubuntu 5.4.0-6ubuntu1~16.04.6) 5.4.0 20160609
Copyright (C) 2015 Free Software Foundation, Inc.
This is free software; see the source for copying conditions.  There is NO
warranty; not even for MERCHANTABILITY or FITNESS FOR A PARTICULAR PURPOSE.

configure:3327: $? = 0
configure:3334: gcc -v >&5
Using built-in specs.
COLLECT_GCC=gcc
COLLECT_LTO_WRAPPER=/usr/lib/gcc/x86_64-linux-gnu/5/lto-wrapper
Target: x86_64-linux-gnu
Configured with: ../src/configure -v --with-pkgversion='Ubuntu 5.4.0-6ubuntu1~16.04.6' --with-bugurl=file:///usr/share/doc/gcc-5/README.Bugs --enable-languages=c,ada,c++,java,go,d,fortran,objc,obj-c++ --prefix=/usr --program-suffix=-5 --enable-shared --enable-linker-build-id --libexecdir=/usr/lib --without-included-gettext --enable-threads=posix --libdir=/usr/lib --enable-nls --with-sysroot=/ --enable-clocale=gnu --enable-libstdcxx-debug --enable-libstdcxx-time=yes --with-default-libstdcxx-abi=new --enable-gnu-unique-object --disable-vtable-verify --enable-libmpx --enable-plugin --with-system-zlib --disable-browser-plugin --enable-java-awt=gtk --enable-gtk-cairo --with-java-home=/usr/lib/jvm/java-1.5.0-gcj-5-amd64/jre --enable-java-home --with-jvm-root-dir=/usr/lib/jvm/java-1.5.0-gcj-5-amd64 --with-jvm-jar-dir=/usr/lib/jvm-exports/java-1.5.0-gcj-5-amd64 --with-arch-directory=amd64 --with-ecj-jar=/usr/share/java/eclipse-ecj.jar --enable-objc-gc --enable-multiarch --disable-werror --with-arch-32=i686 --with-abi=m64 --with-multilib-list=m32,m64,mx32 --enable-multilib --with-tune=generic --enable-checking=release --build=x86_64-linux-gnu --host=x86_64-linux-gnu --target=x86_64-linux-gnu
Thread model: posix
gcc version 5.4.0 20160609 (Ubuntu 5.4.0-6ubuntu1~16.04.6) 
configure:3337: $? = 0
configure:3344: gcc -V >&5
gcc: error: unrecognized command line option '-V'
gcc: fatal error: no input files
compilation terminated.
configure:3347: $? = 1
configure:3350: checking whether we are using the GNU C compiler
configure:3379: gcc -c   conftest.c >&5
configure:3385: $? = 0
configure:3402: result: yes
configure:3407: checking whether gcc accepts -g
configure:3437: gcc -c -g  conftest.c >&5
configure:3443: $? = 0
configure:3542: result: yes
configure:3559: checking for gcc option to accept ISO C89
configure:3633: gcc  -c -g -O2  conftest.c >&5
configure:3639: $? = 0
configure:3662: result: none needed
configure:3682: checking dependency style of gcc
configure:3773: result: none
configure:3788: checking whether make sets $(MAKE)
configure:3809: result: yes
configure:3823: checking how to run the C preprocessor
configure:3863: gcc -E  conftest.c
configure:3869: $? = 0
configure:3900: gcc -E  conftest.c
conftest.c:10:28: fatal error: ac_nonexistent.h: No such file or directory
compilation terminated.
configure:3906: $? = 1
configure: failed program was:
| /* confdefs.h.  */
| #define PACKAGE_NAME "hardshap"
| #define PACKAGE_TARNAME "hardshap"
| #define PACKAGE_VERSION "1.0"
| #define PACKAGE_STRING "hardshap 1.0"
| #define PACKAGE_BUGREPORT "antonioscala@libero.it"
| #define PACKAGE "hardshap"
| #define VERSION "1.0"
| /* end confdefs.h.  */
| #include <ac_nonexistent.h>
configure:3939: result: gcc -E
configure:3968: gcc -E  conftest.c
configure:3974: $? = 0
configure:4005: gcc -E  conftest.c
conftest.c:10:28: fatal error: ac_nonexistent.h: No such file or directory
compilation terminated.
configure:4011: $? = 1
configure: failed program was:
| /* confdefs.h.  */
| #define PACKAGE_NAME "hardshap"
| #define PACKAGE_TARNAME "hardshap"
| #define PACKAGE_VERSION "1.0"
| #define PACKAGE_STRING "hardshap 1.0"
| #define PACKAGE_BUGREPORT "antonioscala@libero.it"
| #define PACKAGE "hardshap"
| #define VERSION "1.0"
| /* end confdefs.h.  */
| #include <ac_nonexistent.h>
configure:4053: checking for main in -lInventor
configure:4082: gcc -o conftest -g -O2   conftest.c -lInventor   >&5
configure:4088: $? = 0
configure:4106: result: yes
configure:4119: checking for main in -lInventorXt
configure:4148: gcc -o conftest -g -O2   conftest.c -lInventorXt  -lInventor  >&5
configure:4154: $? = 0
configure:4172: result: yes
configure:4186: checking for main in -lplplotcxxd
configure:4215: gcc -o conftest -g -O2   conftest.c -lplplotcxxd  -lInventorXt -lInventor  >&5
configure:4221: $? = 0
configure:4239: result: yes
configure:4251: checking for main in -lplplotd
configure:4280: gcc -o conftest -g -O2   conftest.c -lplplotd  -lplplotcxxd -lInventorXt -lInventor  >&5
configure:4286: $? = 0
configure:4304: result: yes
configure:4316: checking for main in -lqhull
configure:4345: gcc -o conftest -g -O2   conftest.c -lqhull  -lplplotd -lplplotcxxd -lInventorXt -lInventor  >&5
configure:4351: $? = 0
configure:4369: result: yes
configure:4381: checking for main in -lcsironn
configure:4410: gcc -o conftest -g -O2   conftest.c -lcsironn  -lqhull -lplplotd -lplplotcxxd -lInventorXt -lInventor  >&5
configure:4416: $? = 0
configure:4434: result: yes
configure:4446: checking for main in -lltdl
configure:4475: gcc -o conftest -g -O2   conftest.c -lltdl  -lcsironn -lqhull -lplplotd -lplplotcxxd -lInventorXt -lInventor  >&5
configure:4481: $? = 0
configure:4499: result: yes
configure:4511: checking for main in -ldl
configure:4540: gcc -o conftest -g -O2   conftest.c -ldl  -lltdl -lcsironn -lqhull -lplplotd -lplplotcxxd -lInventorXt -lInventor  >&5
configure:4546: $? = 0
configure:4564: result: yes
configure:4576: checking for main in -lm
configure:4605: gcc -o conftest -g -O2   conftest.c -lm  -ldl -lltdl -lcsironn -lqhull -lplplotd -lplplotcxxd -lInventorXt -lInventor  >&5
configure:4611: $? = 0
configure:4629: result: yes
configure:4641: checking for main in -lcsirocsa
configure:4670: gcc -o conftest -g -O2   conftest.c -lcsirocsa  -lm -ldl -lltdl -lcsironn -lqhull -lplplotd -lplplotcxxd -lInventorXt -lInventor  >&5
configure:4676: $? = 0
configure:4694: result: yes
configure:4706: checking for main in -lz
configure:4735: gcc -o conftest -g -O2   conftest.c -lz  -lcsirocsa -lm -ldl -lltdl -lcsironn -lqhull -lplplotd -lplplotcxxd -lInventorXt -lInventor  >&5
configure:4741: $? = 0
configure:4759: result: yes
configure:4771: checking for main in -lfreetype
configure:4800: gcc -o conftest -g -O2   conftest.c -lfreetype  -lz -lcsirocsa -lm -ldl -lltdl -lcsironn -lqhull -lplplotd -lplplotcxxd -lInventorXt -lInventor  >&5
configure:4806: $? = 0
configure:4824: result: yes
configure:4838: checking for cos in -lm
configure:4873: gcc -o conftest -g -O2   conftest.c -lm  -lfreetype -lz -lcsirocsa -lm -ldl -lltdl -lcsironn -lqhull -lplplotd -lplplotcxxd -lInventorXt -lInventor  >&5
conftest.c:29:6: warning: conflicting types for built-in function 'cos'
 char cos ();
      ^
configure:4879: $? = 0
configure:4897: result: yes
configure:4909: checking for cblas_dgemm in -lgslcblas
configure:4944: gcc -o conftest -g -O2   conftest.c -lgslcblas  -lm -lfreetype -lz -lcsirocsa -lm -ldl -lltdl -lcsironn -lqhull -lplplotd -lplplotcxxd -lInventorXt -lInventor  >&5
/usr/bin/ld: cannot find -lgslcblas
collect2: error: ld returned 1 exit status
configure:4950: $? = 1
configure: failed program was:
| /* confdefs.h.  */
| #define PACKAGE_NAME "hardshap"
| #define PACKAGE_TARNAME "hardshap"
| #define PACKAGE_VERSION "1.0"
| #define PACKAGE_STRING "hardshap 1.0"
| #define PACKAGE_BUGREPORT "antonioscala@libero.it"
| #define PACKAGE "hardshap"
| #define VERSION "1.0"
| #define HAVE_LIBINVENTOR 1
| #define HAVE_LIBINVENTORXT 1
| #define HAVE_LIBPLPLOTCXXD 1
| #define HAVE_LIBPLPLOTD 1
| #define HAVE_LIBQHULL 1
| #define HAVE_LIBCSIRONN 1
| #define HAVE_LIBLTDL 1
| #define HAVE_LIBDL 1
| #define HAVE_LIBM 1
| #define HAVE_LIBCSIROCSA 1
| #define HAVE_LIBZ 1
| #define HAVE_LIBFREETYPE 1
| #define HAVE_LIBM 1
| /* end confdefs.h.  */
| 
| /* Override any GCC internal prototype to avoid an error.
|    Use char because int might match the return type of a GCC
|    builtin and then its argument prototype would still apply.  */
| #ifdef __cplusplus
| extern "C"
| #endif
| char cblas_dgemm ();
| int
| main ()
| {
| return cblas_dgemm ();
|   ;
|   return 0;
| }
configure:4968: result: no
configure:4980: checking for gsl_blas_dgemm in -lgsl
configure:5015: gcc -o conftest -g -O2   conftest.c -lgsl  -lm -lfreetype -lz -lcsirocsa -lm -ldl -lltdl -lcsironn -lqhull -lplplotd -lplplotcxxd -lInventorXt -lInventor  >&5
/usr/bin/ld: cannot find -lgsl
collect2: error: ld returned 1 exit status
configure:5021: $? = 1
configure: failed program was:
| /* confdefs.h.  */
| #define PACKAGE_NAME "hardshap"
| #define PACKAGE_TARNAME "hardshap"
| #define PACKAGE_VERSION "1.0"
| #define PACKAGE_STRING "hardshap 1.0"
| #define PACKAGE_BUGREPORT "antonioscala@libero.it"
| #define PACKAGE "hardshap"
| #define VERSION "1.0"
| #define HAVE_LIBINVENTOR 1
| #define HAVE_LIBINVENTORXT 1
| #define HAVE_LIBPLPLOTCXXD 1
| #define HAVE_LIBPLPLOTD 1
| #define HAVE_LIBQHULL 1
| #define HAVE_LIBCSIRONN 1
| #define HAVE_LIBLTDL 1
| #define HAVE_LIBDL 1
| #define HAVE_LIBM 1
| #define HAVE_LIBCSIROCSA 1
| #define HAVE_LIBZ 1
| #define HAVE_LIBFREETYPE 1
| #define HAVE_LIBM 1
| /* end confdefs.h.  */
| 
| /* Override any GCC internal prototype to avoid an error.
|    Use char because int might match the return type of a GCC
|    builtin and then its argument prototype would still apply.  */
| #ifdef __cplusplus
| extern "C"
| #endif
| char gsl_blas_dgemm ();
| int
| main ()
| {
| return gsl_blas_dgemm ();
|   ;
|   return 0;
| }
configure:5039: result: no
configure:5063: checking for grep that handles long lines and -e
configure:5137: result: /bin/grep
configure:5142: checking for egrep
configure:5220: result: /bin/grep -E
configure:5225: checking for ANSI C header files
configure:5255: gcc -c -g -O2  conftest.c >&5
configure:5261: $? = 0
configure:5360: gcc -o conftest -g -O2   conftest.c -lm -lfreetype -lz -lcsirocsa -lm -ldl -lltdl -lcsironn -lqhull -lplplotd -lplplotcxxd -lInventorXt -lInventor  >&5
configure:5363: $? = 0
configure:5369: ./conftest
configure:5372: $? = 0
configure:5389: result: yes
configure:5413: checking for sys/types.h
configure:5434: gcc -c -g -O2  conftest.c >&5
configure:5440: $? = 0
configure:5456: result: yes
configure:5413: checking for sys/stat.h
configure:5434: gcc -c -g -O2  conftest.c >&5
configure:5440: $? = 0
configure:5456: result: yes
configure:5413: checking for stdlib.h
configure:5434: gcc -c -g -O2  conftest.c >&5
configure:5440: $? = 0
configure:5456: result: yes
configure:5413: checking for string.h
configure:5434: gcc -c -g -O2  conftest.c >&5
configure:5440: $? = 0
configure:5456: result: yes
configure:5413: checking for memory.h
configure:5434: gcc -c -g -O2  conftest.c >&5
configure:5440: $? = 0
configure:5456: result: yes
configure:5413: checking for strings.h
configure:5434: gcc -c -g -O2  conftest.c >&5
configure:5440: $? = 0
configure:5456: result: yes
configure:5413: checking for inttypes.h
configure:5434: gcc -c -g -O2  conftest.c >&5
configure:5440: $? = 0
configure:5456: result: yes
configure:5413: checking for stdint.h
configure:5434: gcc -c -g -O2  conftest.c >&5
configure:5440: $? = 0
configure:5456: result: yes
configure:5413: checking for unistd.h
configure:5434: gcc -c -g -O2  conftest.c >&5
configure:5440: $? = 0
configure:5456: result: yes
configure:5473: checking for stdlib.h
configure:5479: result: yes
configure:5615: checking for stdbool.h that conforms to C99
configure:5708: gcc -c -g -O2  conftest.c >&5
configure:5714: $? = 0
configure:5729: result: yes
configure:5731: checking for _Bool
configure:5761: gcc -c -g -O2  conftest.c >&5
configure:5767: $? = 0
configure:5782: result: yes
configure:5801: checking for an ANSI C-conforming const
configure:5876: gcc -c -g -O2  conftest.c >&5
configure:5882: $? = 0
configure:5897: result: yes
configure:5907: checking for inline
configure:5933: gcc -c -g -O2  conftest.c >&5
configure:5939: $? = 0
configure:5957: result: inline
configure:5984: checking for pow
configure:6040: gcc -o conftest -g -O2   conftest.c -lm -lfreetype -lz -lcsirocsa -lm -ldl -lltdl -lcsironn -lqhull -lplplotd -lplplotcxxd -lInventorXt -lInventor  >&5
conftest.c:59:6: warning: conflicting types for built-in function 'pow'
 char pow ();
      ^
configure:6046: $? = 0
configure:6064: result: yes
configure:5984: checking for rint
configure:6040: gcc -o conftest -g -O2   conftest.c -lm -lfreetype -lz -lcsirocsa -lm -ldl -lltdl -lcsironn -lqhull -lplplotd -lplplotcxxd -lInventorXt -lInventor  >&5
conftest.c:60:6: warning: conflicting types for built-in function 'rint'
 char rint ();
      ^
configure:6046: $? = 0
configure:6064: result: yes
configure:5984: checking for sqrt
configure:6040: gcc -o conftest -g -O2   conftest.c -lm -lfreetype -lz -lcsirocsa -lm -ldl -lltdl -lcsironn -lqhull -lplplotd -lplplotcxxd -lInventorXt -lInventor  >&5
conftest.c:61:6: warning: conflicting types for built-in function 'sqrt'
 char sqrt ();
      ^
configure:6046: $? = 0
configure:6064: result: yes
configure:6198: creating ./config.status

## ---------------- ##
## Cache variables. ##
## ---------------- ##

ac_cv_c_compiler_gnu=yes
ac_cv_c_const=yes
ac_cv_c_inline=inline
ac_cv_cxx_compiler_gnu=yes
ac_cv_env_CCC_set=
ac_cv_env_CCC_value=
ac_cv_env_CC_set=
ac_cv_env_CC_value=
ac_cv_env_CFLAGS_set=
ac_cv_env_CFLAGS_value=
ac_cv_env_CPPFLAGS_set=
ac_cv_env_CPPFLAGS_value=
ac_cv_env_CPP_set=
ac_cv_env_CPP_value=
ac_cv_env_CXXFLAGS_set=
ac_cv_env_CXXFLAGS_value=
ac_cv_env_CXX_set=
ac_cv_env_CXX_value=
ac_cv_env_LDFLAGS_set=
ac_cv_env_LDFLAGS_value=
ac_cv_env_LIBS_set=
ac_cv_env_LIBS_value=
ac_cv_env_build_alias_set=
ac_cv_env_build_alias_value=
ac_cv_env_host_alias_set=
ac_cv_env_host_alias_value=
ac_cv_env_target_alias_set=
ac_cv_env_target_alias_value=
ac_cv_func_pow=yes
ac_cv_func_rint=yes
ac_cv_func_sqrt=yes
ac_cv_header_inttypes_h=yes
ac_cv_header_memory_h=yes
ac_cv_header_stdbool_h=yes
ac_cv_header_stdc=yes
ac_cv_header_stdint_h=yes
ac_cv_header_stdlib_h=yes
ac_cv_header_string_h=yes
ac_cv_header_strings_h=yes
ac_cv_header_sys_stat_h=yes
ac_cv_header_sys_types_h=yes
ac_cv_header_unistd_h=yes
ac_cv_lib_InventorXt_main=yes
ac_cv_lib_Inventor_main=yes
ac_cv_lib_csirocsa_main=yes
ac_cv_lib_csironn_main=yes
ac_cv_lib_dl_main=yes
ac_cv_lib_freetype_main=yes
ac_cv_lib_gsl_gsl_blas_dgemm=no
ac_cv_lib_gslcblas_cblas_dgemm=no
ac_cv_lib_ltdl_main=yes
ac_cv_lib_m_cos=yes
ac_cv_lib_m_main=yes
ac_cv_lib_plplotcxxd_main=yes
ac_cv_lib_plplotd_main=yes
ac_cv_lib_qhull_main=yes
ac_cv_lib_z_main=yes
ac_cv_objext=o
ac_cv_path_EGREP='/bin/grep -E'
ac_cv_path_GREP=/bin/grep
ac_cv_path_install='/usr/bin/install -c'
ac_cv_path_mkdir=/bin/mkdir
ac_cv_prog_AWK=gawk
ac_cv_prog_CPP='gcc -E'
ac_cv_prog_ac_ct_CC=gcc
ac_cv_prog_ac_ct_CXX=g++
ac_cv_prog_cc_c89=
ac_cv_prog_cc_g=yes
ac_cv_prog_cxx_g=yes
ac_cv_prog_make_make_set=yes
ac_cv_type__Bool=yes
am_cv_CC_dependencies_compiler_type=none
am_cv_CXX_dependencies_compiler_type=none

## ----------------- ##
## Output variables. ##
## ----------------- ##

ACLOCAL='${SHELL} /home/scala/hardshap/trunk/lib1.0/missing --run aclocal-1.10'
AMDEPBACKSLASH='\'
AMDEP_FALSE='#'
AMDEP_TRUE=''
AMTAR='${SHELL} /home/scala/hardshap/trunk/lib1.0/missing --run tar'
AUTOCONF='${SHELL} /home/scala/hardshap/trunk/lib1.0/missing --run autoconf'
AUTOHEADER='${SHELL} /home/scala/hardshap/trunk/lib1.0/missing --run autoheader'
AUTOMAKE='${SHELL} /home/scala/hardshap/trunk/lib1.0/missing --run automake-1.10'
AWK='gawk'
CC='gcc'
CCDEPMODE='depmode=none'
CFLAGS='-g -O2'
CPP='gcc -E'
CPPFLAGS=''
CXX='g++'
CXXDEPMODE='depmode=none'
CXXFLAGS='-g -O2'
CYGPATH_W='echo'
DEFS='-DHAVE_CONFIG_H'
DEPDIR='.deps'
ECHO_C=''
ECHO_N='-n'
ECHO_T=''
EGREP='/bin/grep -E'
EXEEXT=''
GREP='/bin/grep'
INSTALL_DATA='${INSTALL} -m 644'
INSTALL_PROGRAM='${INSTALL}'
INSTALL_SCRIPT='${INSTALL}'
INSTALL_STRIP_PROGRAM='$(install_sh) -c -s'
LDFLAGS=''
LIBOBJS=''
LIBS='-lm -lfreetype -lz -lcsirocsa -lm -ldl -lltdl -lcsironn -lqhull -lplplotd -lplplotcxxd -lInventorXt -lInventor '
LTLIBOBJS=''
MAKEINFO='${SHELL} /home/scala/hardshap/trunk/lib1.0/missing --run makeinfo'
OBJEXT='o'
PACKAGE='hardshap'
PACKAGE_BUGREPORT='antonioscala@libero.it'
PACKAGE_NAME='hardshap'
PACKAGE_STRING='hardshap 1.0'
PACKAGE_TARNAME='hardshap'
PACKAGE_VERSION='1.0'
PATH_SEPARATOR=':'
SET_MAKE=''
SHELL='/bin/bash'
STRIP=''
VERSION='1.0'
ac_ct_CC='gcc'
ac_ct_CXX='g++'
am__fastdepCC_FALSE=''
am__fastdepCC_TRUE='#'
am__fastdepCXX_FALSE=''
am__fastdepCXX_TRUE='#'
am__include='include'
am__isrc=''
am__leading_dot='.'
am__quote=''
am__tar='${AMTAR} chof - "$$tardir"'
am__untar='${AMTAR} xf -'
bindir='${exec_prefix}/bin'
build_alias=''
datadir='${datarootdir}'
datarootdir='${prefix}/share'
docdir='${datarootdir}/doc/${PACKAGE_TARNAME}'
dvidir='${docdir}'
exec_prefix='${prefix}'
host_alias=''
htmldir='${docdir}'
includedir='${prefix}/include'
infodir='${datarootdir}/info'
install_sh='$(SHELL) /home/scala/hardshap/trunk/lib1.0/install-sh'
libdir='${exec_prefix}/lib'
libexecdir='${exec_prefix}/libexec'
localedir='${datarootdir}/locale'
localstatedir='${prefix}/var'
mandir='${datarootdir}/man'
mkdir_p='/bin/mkdir -p'
oldincludedir='/usr/include'
pdfdir='${docdir}'
prefix='/usr/local'
program_transform_name='s,x,x,'
psdir='${docdir}'
sbindir='${exec_prefix}/sbin'
sharedstatedir='${prefix}/com'
sysconfdir='${prefix}/etc'
target_alias=''

## ----------- ##
## confdefs.h. ##
## ----------- ##

#define PACKAGE_NAME "hardshap"
#define PACKAGE_TARNAME "hardshap"
#define PACKAGE_VERSION "1.0"
#define PACKAGE_STRING "hardshap 1.0"
#define PACKAGE_BUGREPORT "antonioscala@libero.it"
#define PACKAGE "hardshap"
#define VERSION "1.0"
#define HAVE_LIBINVENTOR 1
#define HAVE_LIBINVENTORXT 1
#define HAVE_LIBPLPLOTCXXD 1
#define HAVE_LIBPLPLOTD 1
#define HAVE_LIBQHULL 1
#define HAVE_LIBCSIRONN 1
#define HAVE_LIBLTDL 1
#define HAVE_LIBDL 1
#define HAVE_LIBM 1
#define HAVE_LIBCSIROCSA 1
#define HAVE_LIBZ 1
#define HAVE_LIBFREETYPE 1
#define HAVE_LIBM 1
#define STDC_HEADERS 1
#define HAVE_SYS_TYPES_H 1
#define HAVE_SYS_STAT_H 1
#define HAVE_STDLIB_H 1
#define HAVE_STRING_H 1
#define HAVE_MEMORY_H 1
#define HAVE_STRINGS_H 1
#define HAVE_INTTYPES_H 1
#define HAVE_STDINT_H 1
#define HAVE_UNISTD_H 1
#define HAVE_STDLIB_H 1
#define HAVE__BOOL 1
#define HAVE_STDBOOL_H 1
#define HAVE_POW 1
#define HAVE_RINT 1
#define HAVE_SQRT 1

configure: exit 0

## ---------------------- ##
## Running config.status. ##
## ---------------------- ##

This file was extended by hardshap config.status 1.0, which was
generated by GNU Autoconf 2.61.  Invocation command line was

  CONFIG_FILES    = 
  CONFIG_HEADERS  = 
  CONFIG_LINKS    = 
  CONFIG_COMMANDS = 
  $ ./config.status 

on spectre

config.status:647: creating Makefile
config.status:647: creating LLcells/Makefile
config.status:647: creating MC-SE2d/Makefile
config.status:647: creating SE2d/Makefile
config.status:647: creating Test/Makefile
config.status:647: creating VecNd/Makefile
config.status:647: creating Wrap_plplot/Makefile
config.status:647: creating config.h
config.status:938: executing depfiles commands
